# do {tb_led_water_compile.do}
# ** Warning: (vlib-34) Library already exists at "modelsim_lib/work".
# ** Warning: (vlib-34) Library already exists at "modelsim_lib/msim".
# ** Warning: (vlib-34) Library already exists at "modelsim_lib/msim/xil_defaultlib".
# Model Technology ModelSim SE-64 vmap 10.7 Lib Mapping Utility 2017.12 Dec  7 2017
# vmap testFsm-Sht-20221004 modelsim_lib/msim/testFsm-Sht-20221004 
# Modifying modelsim.ini
# Model Technology ModelSim SE-64 vmap 10.7 Lib Mapping Utility 2017.12 Dec  7 2017
# vmap xil_defaultlib modelsim_lib/msim/xil_defaultlib 
# Modifying modelsim.ini
# ** Warning: (vlog-159) Mode option -64 is not supported in this context and will be ignored.
# Model Technology ModelSim SE-64 vlog 10.7 Compiler 2017.12 Dec  7 2017
# Start time: 17:51:00 on Oct 04,2022
# vlog -64 -incr -work testFsm-Sht-20221004 ../../../../HDLBitsSht.srcs/sources_1/new/AllFsms.v 
# -- Compiling module AllFsms
# 
# Top level modules:
# 	AllFsms
# End time: 17:51:00 on Oct 04,2022, Elapsed time: 0:00:00
# Errors: 0, Warnings: 1
# ** Warning: (vlog-159) Mode option -64 is not supported in this context and will be ignored.
# Model Technology ModelSim SE-64 vlog 10.7 Compiler 2017.12 Dec  7 2017
# Start time: 17:51:00 on Oct 04,2022
# vlog -64 -incr -work xil_defaultlib ../../../../HDLBitsSht.srcs/sources_1/new/m2014_q4d.v ../../../../HDLBitsSht.srcs/sources_1/new/Popcount3.v ../../../../HDLBitsSht.srcs/sources_1/new/Wire_decl.v ../../../../HDLBitsSht.srcs/sources_1/new/Vectorr.v ../../../../HDLBitsSht.srcs/sources_1/new/Vectorgates.v ../../../../HDLBitsSht.srcs/sources_1/new/Vector3.v ../../../../HDLBitsSht.srcs/sources_1/new/Vector2.v ../../../../HDLBitsSht.srcs/sources_1/new/Vector1.v ../../../../HDLBitsSht.srcs/sources_1/new/Vector0.v ../../../../HDLBitsSht.srcs/sources_1/new/Gates4.v ../../../../HDLBitsSht.srcs/sources_1/new/Alwaysblock2.v ../../../../HDLBitsSht.srcs/sources_1/new/7458Chip.v ../../../../HDLBitsSht.srcs/sources_1/new/Gatesv.v ../../../../HDLBitsSht.srcs/sources_1/new/Gatesv100.v ../../../../HDLBitsSht.srcs/sources_1/new/Mux9to1v.v ../../../../HDLBitsSht.srcs/sources_1/new/Mux256to1.v ../../../../HDLBitsSht.srcs/sources_1/new/Hadd.v ../../../../HDLBitsSht.srcs/sources_1/new/Adder3.v ../../../../HDLBitsSht.srcs/sources_1/new/ece241_2014_q1c.v ../../../../HDLBitsSht.srcs/sources_1/new/Dff.v ../../../../HDLBitsSht.srcs/sources_1/new/Dff8r.v ../../../../HDLBitsSht.srcs/sources_1/new/Dff8ar.v ../../../../HDLBitsSht.srcs/sources_1/new/Dff16e.v ../../../../HDLBitsSht.srcs/sources_1/new/2014_q4a2.v ../../../../HDLBitsSht.srcs/sources_1/new/ece241_2013_q7.v ../../../../HDLBitsSht.srcs/sources_1/imports/Desktop/led_water.v ../../../../HDLBitsSht.srcs/sources_1/new/Edgedetect2.v ../../../../HDLBitsSht.srcs/sources_1/new/Count_clock.v ../../../../HDLBitsSht.srcs/sources_1/new/Shift4.v ../../../../HDLBitsSht.srcs/sources_1/new/Shift18.v ../../../../HDLBitsSht.srcs/sources_1/new/Fsm1.v ../../../../HDLBitsSht.srcs/sources_1/new/fsm3Test.v ../../../../HDLBitsSht.srcs/sim_1/imports/Desktop/tb_led_water.v 
# -- Skipping module m2014_q4d
# -- Skipping module Popcount3
# -- Skipping module Wire_decl
# -- Skipping module Vectorr
# -- Skipping module Vectorgates
# -- Skipping module Vector3
# -- Skipping module Vector2
# -- Skipping module Vector1
# -- Skipping module Vector0
# -- Skipping module Gates4
# -- Skipping module Alwaysblock2
# -- Skipping module Chip7458
# -- Skipping module Gatesv
# -- Skipping module Gatesv100
# -- Skipping module Mux9to1v
# -- Skipping module Mux256to1
# -- Skipping module Hadd
# -- Skipping module Adder3
# -- Skipping module ece241_2014_q1c
# -- Skipping module Dff
# -- Skipping module Dff8r
# -- Skipping module Dff8ar
# -- Skipping module Dff16e
# -- Skipping module m2014_q4a2
# -- Skipping module ece241_2013_q7
# -- Skipping module led_water
# -- Skipping module Edgedetect2
# -- Skipping module Count_clock
# -- Skipping module Shift4
# -- Skipping module Shift18
# -- Skipping module fsm1
# -- Skipping module fsm3Test
# -- Skipping module tb_led_water
# 
# Top level modules:
# 	m2014_q4d
# 	Popcount3
# 	Wire_decl
# 	Vectorr
# 	Vectorgates
# 	Vector3
# 	Vector2
# 	Vector1
# 	Vector0
# 	Gates4
# 	Alwaysblock2
# 	Chip7458
# 	Gatesv
# 	Gatesv100
# 	Mux9to1v
# 	Mux256to1
# 	Hadd
# 	Adder3
# 	ece241_2014_q1c
# 	Dff
# 	Dff8r
# 	Dff8ar
# 	Dff16e
# 	m2014_q4a2
# 	ece241_2013_q7
# 	Edgedetect2
# 	Count_clock
# 	Shift4
# 	Shift18
# 	fsm1
# 	fsm3Test
# 	tb_led_water
# End time: 17:51:01 on Oct 04,2022, Elapsed time: 0:00:01
# Errors: 0, Warnings: 1
# Model Technology ModelSim SE-64 vlog 10.7 Compiler 2017.12 Dec  7 2017
# Start time: 17:51:02 on Oct 04,2022
# vlog -work xil_defaultlib glbl.v 
# -- Compiling module glbl
# 
# Top level modules:
# 	glbl
# End time: 17:51:02 on Oct 04,2022, Elapsed time: 0:00:00
# Errors: 0, Warnings: 0
