# //  ModelSim SE-64 10.7 Dec  7 2017
# //
# //  Copyright 1991-2017 Mentor Graphics Corporation
# //  All Rights Reserved.
# //
# //  ModelSim SE-64 and its associated documentation contain trade
# //  secrets and commercial or financial information that are the property of
# //  Mentor Graphics Corporation and are privileged, confidential,
# //  and exempt from disclosure under the Freedom of Information Act,
# //  5 U.S.C. Section 552. Furthermore, this information
# //  is prohibited from disclosure under the Trade Secrets Act,
# //  18 U.S.C. Section 1905.
# //
# do {tb_led_water_simulate.do}
# vsim -voptargs=""+acc"" -coverage -fsmdebug -L testFsm-Sht-20221004 -L xil_defaultlib -L unisims_ver -L unimacro_ver -L secureip -lib xil_defaultlib xil_defaultlib.tb_led_water xil_defaultlib.glbl 
# Start time: 17:51:11 on Oct 04,2022
# ** Note: (vsim-3812) Design is being optimized...
# Loading work.tb_led_water(fast)
# Loading work.led_water(fast)
# Loading work.glbl(fast)
# ** Warning: (vsim-8634) Code was not compiled with coverage options.
# 1
# 1
# .main_pane.wave.interior.cs.body.pw.wf
# .main_pane.structure.interior.cs.body.struct
# .main_pane.objects.interior.cs.body.tree
# End time: 17:51:23 on Oct 04,2022, Elapsed time: 0:00:12
# Errors: 0, Warnings: 1
